<?xml version="1.0" encoding="UTF-8"?>
<!-- Generated by org.testng.reporters.JUnitXMLReporter -->
<testsuite hostname="BLRKEC266430L" ignored="0" name="Default test" tests="5" failures="0" timestamp="07 Nov 2019 01:24:19 GMT" time="79.506" errors="0">
  <testcase name="testcase1" time="0.658" classname="testCases.TC_001"/>
  <testcase name="testcase1" time="0.683" classname="testCases.TC_001"/>
  <testcase name="testcase1" time="0.469" classname="testCases.TC_001"/>
  <testcase name="testcase1" time="0.619" classname="testCases.TC_001"/>
  <testcase name="testcase1" time="0.499" classname="testCases.TC_001"/>
</testsuite> <!-- Default test -->
