<?xml version="1.0" encoding="UTF-8"?>
<!-- Generated by org.testng.reporters.JUnitXMLReporter -->
<testsuite hostname="BLRKEC266430L" ignored="0" name="Default test" tests="5" failures="0" timestamp="09 Nov 2019 13:16:06 GMT" time="62.164" errors="0">
  <testcase name="testcase1" time="0.397" classname="testCases.TC_001"/>
  <testcase name="testcase1" time="0.376" classname="testCases.TC_001"/>
  <testcase name="testcase1" time="0.312" classname="testCases.TC_001"/>
  <testcase name="testcase1" time="0.362" classname="testCases.TC_001"/>
  <testcase name="testcase1" time="0.31" classname="testCases.TC_001"/>
</testsuite> <!-- Default test -->
