<?xml version="1.0" encoding="UTF-8"?>
<!-- Generated by org.testng.reporters.JUnitXMLReporter -->
<testsuite hostname="BLRKEC266430L" ignored="0" name="Test" tests="5" failures="0" timestamp="10 Nov 2019 15:12:02 GMT" time="187.723" errors="0">
  <testcase name="testcase1" time="0.44" classname="testCases.TC_001"/>
  <testcase name="testcase1" time="0.47" classname="testCases.TC_001"/>
  <testcase name="testcase1" time="0.346" classname="testCases.TC_001"/>
  <testcase name="testcase1" time="0.475" classname="testCases.TC_001"/>
  <testcase name="testcase1" time="0.358" classname="testCases.TC_001"/>
</testsuite> <!-- Test -->
