<?xml version="1.0" encoding="UTF-8"?>
<testng-results skipped="0" failed="0" ignored="0" total="5" passed="5">
  <reporter-output>
  </reporter-output>
  <suite name="Default suite" duration-ms="62164" started-at="2019-11-09T13:15:03Z" finished-at="2019-11-09T13:16:05Z">
    <groups>
    </groups>
    <test name="Default test" duration-ms="62164" started-at="2019-11-09T13:15:03Z" finished-at="2019-11-09T13:16:05Z">
      <class name="testCases.TC_001">
        <test-method status="PASS" signature="startbrowser()[pri:0, instance:testCases.TC_001@6cadd9e3]" name="startbrowser" is-config="true" duration-ms="17966" started-at="2019-11-09T13:15:04Z" finished-at="2019-11-09T13:15:22Z">
          <reporter-output>
          </reporter-output>
        </test-method> <!-- startbrowser -->
        <test-method status="PASS" signature="testcase1(java.lang.String, java.lang.String)[pri:0, instance:testCases.TC_001@6cadd9e3]" name="testcase1" duration-ms="397" started-at="2019-11-09T13:15:22Z" data-provider="Excel" finished-at="2019-11-09T13:15:22Z">
          <params>
            <param index="0">
              <value>
                <![CDATA[uname1]]>
              </value>
            </param>
            <param index="1">
              <value>
                <![CDATA[pass1]]>
              </value>
            </param>
          </params>
          <reporter-output>
          </reporter-output>
        </test-method> <!-- testcase1 -->
        <test-method status="PASS" signature="closeBrowser()[pri:0, instance:testCases.TC_001@6cadd9e3]" name="closeBrowser" is-config="true" duration-ms="802" started-at="2019-11-09T13:15:22Z" finished-at="2019-11-09T13:15:23Z">
          <reporter-output>
          </reporter-output>
        </test-method> <!-- closeBrowser -->
        <test-method status="PASS" signature="startbrowser()[pri:0, instance:testCases.TC_001@6cadd9e3]" name="startbrowser" is-config="true" duration-ms="10074" started-at="2019-11-09T13:15:23Z" finished-at="2019-11-09T13:15:33Z">
          <reporter-output>
          </reporter-output>
        </test-method> <!-- startbrowser -->
        <test-method status="PASS" signature="testcase1(java.lang.String, java.lang.String)[pri:0, instance:testCases.TC_001@6cadd9e3]" name="testcase1" duration-ms="376" started-at="2019-11-09T13:15:33Z" data-provider="Excel" finished-at="2019-11-09T13:15:33Z">
          <params>
            <param index="0">
              <value>
                <![CDATA[uname2]]>
              </value>
            </param>
            <param index="1">
              <value>
                <![CDATA[pass2]]>
              </value>
            </param>
          </params>
          <reporter-output>
          </reporter-output>
        </test-method> <!-- testcase1 -->
        <test-method status="PASS" signature="closeBrowser()[pri:0, instance:testCases.TC_001@6cadd9e3]" name="closeBrowser" is-config="true" duration-ms="725" started-at="2019-11-09T13:15:33Z" finished-at="2019-11-09T13:15:34Z">
          <reporter-output>
          </reporter-output>
        </test-method> <!-- closeBrowser -->
        <test-method status="PASS" signature="startbrowser()[pri:0, instance:testCases.TC_001@6cadd9e3]" name="startbrowser" is-config="true" duration-ms="8071" started-at="2019-11-09T13:15:34Z" finished-at="2019-11-09T13:15:42Z">
          <reporter-output>
          </reporter-output>
        </test-method> <!-- startbrowser -->
        <test-method status="PASS" signature="testcase1(java.lang.String, java.lang.String)[pri:0, instance:testCases.TC_001@6cadd9e3]" name="testcase1" duration-ms="312" started-at="2019-11-09T13:15:42Z" data-provider="Excel" finished-at="2019-11-09T13:15:43Z">
          <params>
            <param index="0">
              <value>
                <![CDATA[uname3]]>
              </value>
            </param>
            <param index="1">
              <value>
                <![CDATA[pass3]]>
              </value>
            </param>
          </params>
          <reporter-output>
          </reporter-output>
        </test-method> <!-- testcase1 -->
        <test-method status="PASS" signature="closeBrowser()[pri:0, instance:testCases.TC_001@6cadd9e3]" name="closeBrowser" is-config="true" duration-ms="801" started-at="2019-11-09T13:15:43Z" finished-at="2019-11-09T13:15:43Z">
          <reporter-output>
          </reporter-output>
        </test-method> <!-- closeBrowser -->
        <test-method status="PASS" signature="startbrowser()[pri:0, instance:testCases.TC_001@6cadd9e3]" name="startbrowser" is-config="true" duration-ms="9086" started-at="2019-11-09T13:15:43Z" finished-at="2019-11-09T13:15:52Z">
          <reporter-output>
          </reporter-output>
        </test-method> <!-- startbrowser -->
        <test-method status="PASS" signature="testcase1(java.lang.String, java.lang.String)[pri:0, instance:testCases.TC_001@6cadd9e3]" name="testcase1" duration-ms="362" started-at="2019-11-09T13:15:52Z" data-provider="Excel" finished-at="2019-11-09T13:15:53Z">
          <params>
            <param index="0">
              <value>
                <![CDATA[username4]]>
              </value>
            </param>
            <param index="1">
              <value>
                <![CDATA[pass4]]>
              </value>
            </param>
          </params>
          <reporter-output>
          </reporter-output>
        </test-method> <!-- testcase1 -->
        <test-method status="PASS" signature="closeBrowser()[pri:0, instance:testCases.TC_001@6cadd9e3]" name="closeBrowser" is-config="true" duration-ms="772" started-at="2019-11-09T13:15:53Z" finished-at="2019-11-09T13:15:54Z">
          <reporter-output>
          </reporter-output>
        </test-method> <!-- closeBrowser -->
        <test-method status="PASS" signature="startbrowser()[pri:0, instance:testCases.TC_001@6cadd9e3]" name="startbrowser" is-config="true" duration-ms="10168" started-at="2019-11-09T13:15:54Z" finished-at="2019-11-09T13:16:04Z">
          <reporter-output>
          </reporter-output>
        </test-method> <!-- startbrowser -->
        <test-method status="PASS" signature="testcase1(java.lang.String, java.lang.String)[pri:0, instance:testCases.TC_001@6cadd9e3]" name="testcase1" duration-ms="310" started-at="2019-11-09T13:16:04Z" data-provider="Excel" finished-at="2019-11-09T13:16:04Z">
          <params>
            <param index="0">
              <value>
                <![CDATA[username5]]>
              </value>
            </param>
            <param index="1">
              <value>
                <![CDATA[pass5]]>
              </value>
            </param>
          </params>
          <reporter-output>
          </reporter-output>
        </test-method> <!-- testcase1 -->
        <test-method status="PASS" signature="closeBrowser()[pri:0, instance:testCases.TC_001@6cadd9e3]" name="closeBrowser" is-config="true" duration-ms="750" started-at="2019-11-09T13:16:04Z" finished-at="2019-11-09T13:16:05Z">
          <reporter-output>
          </reporter-output>
        </test-method> <!-- closeBrowser -->
      </class> <!-- testCases.TC_001 -->
    </test> <!-- Default test -->
  </suite> <!-- Default suite -->
</testng-results>
